[debug] [2024-10-24T08:55:55.361Z] ----------------------------------------------------------------------
[debug] [2024-10-24T08:55:55.364Z] Command:       C:\Program Files\nodejs\node.exe C:\Users\viett\AppData\Roaming\npm\node_modules\firebase-tools\lib\bin\firebase.js init
[debug] [2024-10-24T08:55:55.364Z] CLI Version:   13.17.0
[debug] [2024-10-24T08:55:55.364Z] Platform:      win32
[debug] [2024-10-24T08:55:55.364Z] Node Version:  v22.9.0
[debug] [2024-10-24T08:55:55.364Z] Time:          Thu Oct 24 2024 15:55:55 GMT+0700 (Indochina Time)
[debug] [2024-10-24T08:55:55.364Z] ----------------------------------------------------------------------
[debug] 
[debug] [2024-10-24T08:55:55.425Z] > command requires scopes: ["email","openid","https://www.googleapis.com/auth/cloudplatformprojects.readonly","https://www.googleapis.com/auth/firebase","https://www.googleapis.com/auth/cloud-platform"]
[debug] [2024-10-24T08:55:55.425Z] > authorizing via signed-in user (equipments.manager.po3@gmail.com)
[info] 
     ######## #### ########  ######## ########     ###     ######  ########
     ##        ##  ##     ## ##       ##     ##  ##   ##  ##       ##
     ######    ##  ########  ######   ########  #########  ######  ######
     ##        ##  ##    ##  ##       ##     ## ##     ##       ## ##
     ##       #### ##     ## ######## ########  ##     ##  ######  ########

You're about to initialize a Firebase project in this directory:

  G:\BaoCao\baocao

Before we get started, keep in mind:

  * You are initializing within an existing Firebase project directory

[info] 
=== Project Setup
[info] 
[info] First, let's associate this project directory with a Firebase project.
[info] You can create multiple project aliases by running firebase use --add, 
[info] but for now we'll just set up a default project.
[info] 
[debug] [2024-10-24T08:56:02.072Z] Using project from CLI flag: report-a1483
[debug] [2024-10-24T08:56:02.076Z] >>> [apiv2][query] GET https://firebase.googleapis.com/v1beta1/projects/report-a1483 [none]
[debug] [2024-10-24T08:56:02.765Z] <<< [apiv2][status] GET https://firebase.googleapis.com/v1beta1/projects/report-a1483 403
[debug] [2024-10-24T08:56:02.765Z] <<< [apiv2][body] GET https://firebase.googleapis.com/v1beta1/projects/report-a1483 {"error":{"code":403,"message":"The caller does not have permission","status":"PERMISSION_DENIED"}}
[debug] [2024-10-24T08:56:02.765Z] HTTP Error: 403, The caller does not have permission
[debug] [2024-10-24T08:56:02.766Z] FirebaseError: HTTP Error: 403, The caller does not have permission
    at responseToError (C:\Users\viett\AppData\Roaming\npm\node_modules\firebase-tools\lib\responseToError.js:49:12)
    at RetryOperation._fn (C:\Users\viett\AppData\Roaming\npm\node_modules\firebase-tools\lib\apiv2.js:305:77)
    at process.processTicksAndRejections (node:internal/process/task_queues:105:5)
[error] 
[error] Error: Failed to get Firebase project report-a1483. Please make sure the project exists and your account has permission to access it.
